Analysis & Synthesis report for gpio
Mon Aug 24 13:43:02 2020
Quartus Prime Version 17.1.0 Build 590 10/25/2017 SJ Standard Edition


---------------------
; Table of Contents ;
---------------------
  1. Legal Notice
  2. Analysis & Synthesis Summary
  3. Analysis & Synthesis Settings
  4. Parallel Compilation
  5. Analysis & Synthesis Source Files Read
  6. Analysis & Synthesis Resource Usage Summary
  7. Analysis & Synthesis Resource Utilization by Entity
  8. Registers Removed During Synthesis
  9. General Register Statistics
 10. Inverted Register Statistics
 11. Post-Synthesis Netlist Statistics for Top Partition
 12. Elapsed Time Per Partition
 13. Analysis & Synthesis Messages



----------------
; Legal Notice ;
----------------
Copyright (C) 2017  Intel Corporation. All rights reserved.
Your use of Intel Corporation's design tools, logic functions 
and other software and tools, and its AMPP partner logic 
functions, and any output files from any of the foregoing 
(including device programming or simulation files), and any 
associated documentation or information are expressly subject 
to the terms and conditions of the Intel Program License 
Subscription Agreement, the Intel Quartus Prime License Agreement,
the Intel FPGA IP License Agreement, or other applicable license
agreement, including, without limitation, that your use is for
the sole purpose of programming logic devices manufactured by
Intel and sold by Intel or its authorized distributors.  Please
refer to the applicable agreement for further details.



+--------------------------------------------------------------------------------------+
; Analysis & Synthesis Summary                                                         ;
+------------------------------------+-------------------------------------------------+
; Analysis & Synthesis Status        ; Successful - Mon Aug 24 13:43:02 2020           ;
; Quartus Prime Version              ; 17.1.0 Build 590 10/25/2017 SJ Standard Edition ;
; Revision Name                      ; gpio                                            ;
; Top-level Entity Name              ; gpio                                            ;
; Family                             ; Cyclone IV E                                    ;
; Total logic elements               ; 35                                              ;
;     Total combinational functions  ; 3                                               ;
;     Dedicated logic registers      ; 33                                              ;
; Total registers                    ; 33                                              ;
; Total pins                         ; 88                                              ;
; Total virtual pins                 ; 0                                               ;
; Total memory bits                  ; 0                                               ;
; Embedded Multiplier 9-bit elements ; 0                                               ;
; Total PLLs                         ; 0                                               ;
+------------------------------------+-------------------------------------------------+


+----------------------------------------------------------------------------------------------------------------------+
; Analysis & Synthesis Settings                                                                                        ;
+----------------------------------------------------------------------------+--------------------+--------------------+
; Option                                                                     ; Setting            ; Default Value      ;
+----------------------------------------------------------------------------+--------------------+--------------------+
; Device                                                                     ; EP4CE15F23C8       ;                    ;
; Top-level entity name                                                      ; gpio               ; gpio               ;
; Family name                                                                ; Cyclone IV E       ; Cyclone V          ;
; Use smart compilation                                                      ; Off                ; Off                ;
; Enable parallel Assembler and TimeQuest Timing Analyzer during compilation ; On                 ; On                 ;
; Enable compact report table                                                ; Off                ; Off                ;
; Restructure Multiplexers                                                   ; Auto               ; Auto               ;
; Create Debugging Nodes for IP Cores                                        ; Off                ; Off                ;
; Preserve fewer node names                                                  ; On                 ; On                 ;
; Intel FPGA IP Evaluation Mode                                              ; Enable             ; Enable             ;
; Verilog Version                                                            ; Verilog_2001       ; Verilog_2001       ;
; VHDL Version                                                               ; VHDL_1993          ; VHDL_1993          ;
; State Machine Processing                                                   ; Auto               ; Auto               ;
; Safe State Machine                                                         ; Off                ; Off                ;
; Extract Verilog State Machines                                             ; On                 ; On                 ;
; Extract VHDL State Machines                                                ; On                 ; On                 ;
; Ignore Verilog initial constructs                                          ; Off                ; Off                ;
; Iteration limit for constant Verilog loops                                 ; 5000               ; 5000               ;
; Iteration limit for non-constant Verilog loops                             ; 250                ; 250                ;
; Add Pass-Through Logic to Inferred RAMs                                    ; On                 ; On                 ;
; Infer RAMs from Raw Logic                                                  ; On                 ; On                 ;
; Parallel Synthesis                                                         ; On                 ; On                 ;
; DSP Block Balancing                                                        ; Auto               ; Auto               ;
; NOT Gate Push-Back                                                         ; On                 ; On                 ;
; Power-Up Don't Care                                                        ; On                 ; On                 ;
; Remove Redundant Logic Cells                                               ; Off                ; Off                ;
; Remove Duplicate Registers                                                 ; On                 ; On                 ;
; Ignore CARRY Buffers                                                       ; Off                ; Off                ;
; Ignore CASCADE Buffers                                                     ; Off                ; Off                ;
; Ignore GLOBAL Buffers                                                      ; Off                ; Off                ;
; Ignore ROW GLOBAL Buffers                                                  ; Off                ; Off                ;
; Ignore LCELL Buffers                                                       ; Off                ; Off                ;
; Ignore SOFT Buffers                                                        ; On                 ; On                 ;
; Limit AHDL Integers to 32 Bits                                             ; Off                ; Off                ;
; Optimization Technique                                                     ; Balanced           ; Balanced           ;
; Carry Chain Length                                                         ; 70                 ; 70                 ;
; Auto Carry Chains                                                          ; On                 ; On                 ;
; Auto Open-Drain Pins                                                       ; On                 ; On                 ;
; Perform WYSIWYG Primitive Resynthesis                                      ; Off                ; Off                ;
; Auto ROM Replacement                                                       ; On                 ; On                 ;
; Auto RAM Replacement                                                       ; On                 ; On                 ;
; Auto DSP Block Replacement                                                 ; On                 ; On                 ;
; Auto Shift Register Replacement                                            ; Auto               ; Auto               ;
; Allow Shift Register Merging across Hierarchies                            ; Auto               ; Auto               ;
; Auto Clock Enable Replacement                                              ; On                 ; On                 ;
; Strict RAM Replacement                                                     ; Off                ; Off                ;
; Allow Synchronous Control Signals                                          ; On                 ; On                 ;
; Force Use of Synchronous Clear Signals                                     ; Off                ; Off                ;
; Auto RAM Block Balancing                                                   ; On                 ; On                 ;
; Auto RAM to Logic Cell Conversion                                          ; Off                ; Off                ;
; Auto Resource Sharing                                                      ; Off                ; Off                ;
; Allow Any RAM Size For Recognition                                         ; Off                ; Off                ;
; Allow Any ROM Size For Recognition                                         ; Off                ; Off                ;
; Allow Any Shift Register Size For Recognition                              ; Off                ; Off                ;
; Use LogicLock Constraints during Resource Balancing                        ; On                 ; On                 ;
; Ignore translate_off and synthesis_off directives                          ; Off                ; Off                ;
; Timing-Driven Synthesis                                                    ; On                 ; On                 ;
; Report Parameter Settings                                                  ; On                 ; On                 ;
; Report Source Assignments                                                  ; On                 ; On                 ;
; Report Connectivity Checks                                                 ; On                 ; On                 ;
; Ignore Maximum Fan-Out Assignments                                         ; Off                ; Off                ;
; Synchronization Register Chain Length                                      ; 2                  ; 2                  ;
; Power Optimization During Synthesis                                        ; Normal compilation ; Normal compilation ;
; HDL message level                                                          ; Level2             ; Level2             ;
; Suppress Register Optimization Related Messages                            ; Off                ; Off                ;
; Number of Removed Registers Reported in Synthesis Report                   ; 5000               ; 5000               ;
; Number of Swept Nodes Reported in Synthesis Report                         ; 5000               ; 5000               ;
; Number of Inverted Registers Reported in Synthesis Report                  ; 100                ; 100                ;
; Clock MUX Protection                                                       ; On                 ; On                 ;
; Auto Gated Clock Conversion                                                ; Off                ; Off                ;
; Block Design Naming                                                        ; Auto               ; Auto               ;
; SDC constraint protection                                                  ; Off                ; Off                ;
; Synthesis Effort                                                           ; Auto               ; Auto               ;
; Shift Register Replacement - Allow Asynchronous Clear Signal               ; On                 ; On                 ;
; Pre-Mapping Resynthesis Optimization                                       ; Off                ; Off                ;
; Analysis & Synthesis Message Level                                         ; Medium             ; Medium             ;
; Disable Register Merging Across Hierarchies                                ; Auto               ; Auto               ;
; Resource Aware Inference For Block RAM                                     ; On                 ; On                 ;
+----------------------------------------------------------------------------+--------------------+--------------------+


+------------------------------------------+
; Parallel Compilation                     ;
+----------------------------+-------------+
; Processors                 ; Number      ;
+----------------------------+-------------+
; Number detected on machine ; 6           ;
; Maximum allowed            ; 6           ;
;                            ;             ;
; Average used               ; 1.00        ;
; Maximum used               ; 1           ;
;                            ;             ;
; Usage by Processor         ; % Time Used ;
;     Processor 1            ; 100.0%      ;
+----------------------------+-------------+


+-------------------------------------------------------------------------------------------------------------------------------------+
; Analysis & Synthesis Source Files Read                                                                                              ;
+----------------------------------+-----------------+------------------------+---------------------------------------------+---------+
; File Name with User-Entered Path ; Used in Netlist ; File Type              ; File Name with Absolute Path                ; Library ;
+----------------------------------+-----------------+------------------------+---------------------------------------------+---------+
; ../../global_config.h            ; yes             ; User File              ; E:/FPGA/code/xSoc/chip_top/global_config.h  ;         ;
; gpio.v                           ; yes             ; User Verilog HDL File  ; E:/FPGA/code/xSoc/chip_top/chip/gpio/gpio.v ;         ;
; gpio.h                           ; yes             ; User File              ; E:/FPGA/code/xSoc/chip_top/chip/gpio/gpio.h ;         ;
+----------------------------------+-----------------+------------------------+---------------------------------------------+---------+


+---------------------------------------------------------+
; Analysis & Synthesis Resource Usage Summary             ;
+---------------------------------------------+-----------+
; Resource                                    ; Usage     ;
+---------------------------------------------+-----------+
; Estimated Total logic elements              ; 35        ;
;                                             ;           ;
; Total combinational functions               ; 3         ;
; Logic element usage by number of LUT inputs ;           ;
;     -- 4 input functions                    ; 2         ;
;     -- 3 input functions                    ; 0         ;
;     -- <=2 input functions                  ; 1         ;
;                                             ;           ;
; Logic elements by mode                      ;           ;
;     -- normal mode                          ; 3         ;
;     -- arithmetic mode                      ; 0         ;
;                                             ;           ;
; Total registers                             ; 33        ;
;     -- Dedicated logic registers            ; 33        ;
;     -- I/O registers                        ; 0         ;
;                                             ;           ;
; I/O pins                                    ; 88        ;
;                                             ;           ;
; Embedded Multiplier 9-bit elements          ; 0         ;
;                                             ;           ;
; Maximum fan-out node                        ; clk~input ;
; Maximum fan-out                             ; 33        ;
; Total fan-out                               ; 246       ;
; Average fan-out                             ; 1.16      ;
+---------------------------------------------+-----------+


+----------------------------------------------------------------------------------------------------------------------------------------------------------------------------------------------------------+
; Analysis & Synthesis Resource Utilization by Entity                                                                                                                                                      ;
+----------------------------+---------------------+---------------------------+-------------+--------------+---------+-----------+------+--------------+---------------------+-------------+--------------+
; Compilation Hierarchy Node ; Combinational ALUTs ; Dedicated Logic Registers ; Memory Bits ; DSP Elements ; DSP 9x9 ; DSP 18x18 ; Pins ; Virtual Pins ; Full Hierarchy Name ; Entity Name ; Library Name ;
+----------------------------+---------------------+---------------------------+-------------+--------------+---------+-----------+------+--------------+---------------------+-------------+--------------+
; |gpio                      ; 3 (3)               ; 33 (33)                   ; 0           ; 0            ; 0       ; 0         ; 88   ; 0            ; |gpio               ; gpio        ; work         ;
+----------------------------+---------------------+---------------------------+-------------+--------------+---------+-----------+------+--------------+---------------------+-------------+--------------+
Note: For table entries with two numbers listed, the numbers in parentheses indicate the number of resources of the given type used by the specific entity alone. The numbers listed outside of parentheses indicate the total resources of the given type used by the specific entity and all of its sub-entities in the hierarchy.


+---------------------------------------------------------------------------------+
; Registers Removed During Synthesis                                              ;
+----------------------------------------+----------------------------------------+
; Register name                          ; Reason for Removal                     ;
+----------------------------------------+----------------------------------------+
; rd_data[31]~reg0                       ; Stuck at GND due to stuck port data_in ;
; rd_data[30]~reg0                       ; Stuck at GND due to stuck port data_in ;
; rd_data[29]~reg0                       ; Stuck at GND due to stuck port data_in ;
; rd_data[28]~reg0                       ; Stuck at GND due to stuck port data_in ;
; rd_data[27]~reg0                       ; Stuck at GND due to stuck port data_in ;
; rd_data[26]~reg0                       ; Stuck at GND due to stuck port data_in ;
; rd_data[25]~reg0                       ; Stuck at GND due to stuck port data_in ;
; rd_data[24]~reg0                       ; Stuck at GND due to stuck port data_in ;
; rd_data[23]~reg0                       ; Stuck at GND due to stuck port data_in ;
; rd_data[22]~reg0                       ; Stuck at GND due to stuck port data_in ;
; rd_data[21]~reg0                       ; Stuck at GND due to stuck port data_in ;
; rd_data[20]~reg0                       ; Stuck at GND due to stuck port data_in ;
; rd_data[19]~reg0                       ; Stuck at GND due to stuck port data_in ;
; rd_data[18]~reg0                       ; Stuck at GND due to stuck port data_in ;
; rd_data[17]~reg0                       ; Stuck at GND due to stuck port data_in ;
; rd_data[16]~reg0                       ; Stuck at GND due to stuck port data_in ;
; io_dir[1..15]                          ; Merged with io_dir[0]                  ;
; io_dir[0]                              ; Stuck at GND due to stuck port data_in ;
; Total Number of Removed Registers = 32 ;                                        ;
+----------------------------------------+----------------------------------------+


+------------------------------------------------------+
; General Register Statistics                          ;
+----------------------------------------------+-------+
; Statistic                                    ; Value ;
+----------------------------------------------+-------+
; Total registers                              ; 33    ;
; Number of registers using Synchronous Clear  ; 0     ;
; Number of registers using Synchronous Load   ; 0     ;
; Number of registers using Asynchronous Clear ; 33    ;
; Number of registers using Asynchronous Load  ; 0     ;
; Number of registers using Clock Enable       ; 32    ;
; Number of registers using Preset             ; 0     ;
+----------------------------------------------+-------+


+--------------------------------------------------+
; Inverted Register Statistics                     ;
+----------------------------------------+---------+
; Inverted Register                      ; Fan out ;
+----------------------------------------+---------+
; rdy_~reg0                              ; 1       ;
; Total number of inverted registers = 1 ;         ;
+----------------------------------------+---------+


+-----------------------------------------------------+
; Post-Synthesis Netlist Statistics for Top Partition ;
+-----------------------+-----------------------------+
; Type                  ; Count                       ;
+-----------------------+-----------------------------+
; boundary_port         ; 88                          ;
; cycloneiii_ff         ; 33                          ;
;     CLR               ; 1                           ;
;     ENA CLR           ; 32                          ;
; cycloneiii_io_obuf    ; 16                          ;
; cycloneiii_lcell_comb ; 5                           ;
;     normal            ; 5                           ;
;         0 data inputs ; 1                           ;
;         1 data inputs ; 1                           ;
;         2 data inputs ; 1                           ;
;         4 data inputs ; 2                           ;
;                       ;                             ;
; Max LUT depth         ; 2.00                        ;
; Average LUT depth     ; 0.19                        ;
+-----------------------+-----------------------------+


+-------------------------------+
; Elapsed Time Per Partition    ;
+----------------+--------------+
; Partition Name ; Elapsed Time ;
+----------------+--------------+
; Top            ; 00:00:00     ;
+----------------+--------------+


+-------------------------------+
; Analysis & Synthesis Messages ;
+-------------------------------+
Info: *******************************************************************
Info: Running Quartus Prime Analysis & Synthesis
    Info: Version 17.1.0 Build 590 10/25/2017 SJ Standard Edition
    Info: Processing started: Mon Aug 24 13:42:53 2020
Info: Command: quartus_map --read_settings_files=on --write_settings_files=off gpio -c gpio
Warning (18236): Number of processors has not been specified which may cause overloading on shared machines.  Set the global assignment NUM_PARALLEL_PROCESSORS in your QSF to an appropriate value for best performance.
Info (20030): Parallel compilation is enabled and will use 6 of the 6 processors detected
Info (12021): Found 1 design units, including 1 entities, in source file gpio.v
    Info (12023): Found entity 1: gpio File: E:/FPGA/code/xSoc/chip_top/chip/gpio/gpio.v Line: 3
Info (12127): Elaborating entity "gpio" for the top level hierarchy
Warning (10272): Verilog HDL Case Statement warning at gpio.v(92): case item expression covers a value already covered by a previous case item File: E:/FPGA/code/xSoc/chip_top/chip/gpio/gpio.v Line: 92
Info (10264): Verilog HDL Case Statement information at gpio.v(87): all case item expressions in this case statement are onehot File: E:/FPGA/code/xSoc/chip_top/chip/gpio/gpio.v Line: 87
Warning (10272): Verilog HDL Case Statement warning at gpio.v(107): case item expression covers a value already covered by a previous case item File: E:/FPGA/code/xSoc/chip_top/chip/gpio/gpio.v Line: 107
Info (10264): Verilog HDL Case Statement information at gpio.v(102): all case item expressions in this case statement are onehot File: E:/FPGA/code/xSoc/chip_top/chip/gpio/gpio.v Line: 102
Warning (13046): Tri-state node(s) do not directly drive top-level pin(s)
    Warning (13047): Converted the fan-out from the tri-state buffer "io[0]" to the node "rd_data[0]" into an OR gate File: E:/FPGA/code/xSoc/chip_top/chip/gpio/gpio.v Line: 47
    Warning (13047): Converted the fan-out from the tri-state buffer "io[1]" to the node "rd_data[1]" into an OR gate File: E:/FPGA/code/xSoc/chip_top/chip/gpio/gpio.v Line: 47
    Warning (13047): Converted the fan-out from the tri-state buffer "io[2]" to the node "rd_data[2]" into an OR gate File: E:/FPGA/code/xSoc/chip_top/chip/gpio/gpio.v Line: 47
    Warning (13047): Converted the fan-out from the tri-state buffer "io[3]" to the node "rd_data[3]" into an OR gate File: E:/FPGA/code/xSoc/chip_top/chip/gpio/gpio.v Line: 47
    Warning (13047): Converted the fan-out from the tri-state buffer "io[4]" to the node "rd_data[4]" into an OR gate File: E:/FPGA/code/xSoc/chip_top/chip/gpio/gpio.v Line: 47
    Warning (13047): Converted the fan-out from the tri-state buffer "io[5]" to the node "rd_data[5]" into an OR gate File: E:/FPGA/code/xSoc/chip_top/chip/gpio/gpio.v Line: 47
    Warning (13047): Converted the fan-out from the tri-state buffer "io[6]" to the node "rd_data[6]" into an OR gate File: E:/FPGA/code/xSoc/chip_top/chip/gpio/gpio.v Line: 47
    Warning (13047): Converted the fan-out from the tri-state buffer "io[7]" to the node "rd_data[7]" into an OR gate File: E:/FPGA/code/xSoc/chip_top/chip/gpio/gpio.v Line: 47
    Warning (13047): Converted the fan-out from the tri-state buffer "io[8]" to the node "rd_data[8]" into an OR gate File: E:/FPGA/code/xSoc/chip_top/chip/gpio/gpio.v Line: 47
    Warning (13047): Converted the fan-out from the tri-state buffer "io[9]" to the node "rd_data[9]" into an OR gate File: E:/FPGA/code/xSoc/chip_top/chip/gpio/gpio.v Line: 47
    Warning (13047): Converted the fan-out from the tri-state buffer "io[10]" to the node "rd_data[10]" into an OR gate File: E:/FPGA/code/xSoc/chip_top/chip/gpio/gpio.v Line: 47
    Warning (13047): Converted the fan-out from the tri-state buffer "io[11]" to the node "rd_data[11]" into an OR gate File: E:/FPGA/code/xSoc/chip_top/chip/gpio/gpio.v Line: 47
    Warning (13047): Converted the fan-out from the tri-state buffer "io[12]" to the node "rd_data[12]" into an OR gate File: E:/FPGA/code/xSoc/chip_top/chip/gpio/gpio.v Line: 47
    Warning (13047): Converted the fan-out from the tri-state buffer "io[13]" to the node "rd_data[13]" into an OR gate File: E:/FPGA/code/xSoc/chip_top/chip/gpio/gpio.v Line: 47
    Warning (13047): Converted the fan-out from the tri-state buffer "io[14]" to the node "rd_data[14]" into an OR gate File: E:/FPGA/code/xSoc/chip_top/chip/gpio/gpio.v Line: 47
    Warning (13047): Converted the fan-out from the tri-state buffer "io[15]" to the node "rd_data[15]" into an OR gate File: E:/FPGA/code/xSoc/chip_top/chip/gpio/gpio.v Line: 47
Info (13000): Registers with preset signals will power-up high File: E:/FPGA/code/xSoc/chip_top/chip/gpio/gpio.v Line: 34
Info (13003): DEV_CLRn pin will set, and not reset, register with preset signal due to NOT Gate Push-Back
Warning (13008): TRI or OPNDRN buffers permanently disabled
    Warning (13010): Node "io[0]~synth" File: E:/FPGA/code/xSoc/chip_top/chip/gpio/gpio.v Line: 47
    Warning (13010): Node "io[1]~synth" File: E:/FPGA/code/xSoc/chip_top/chip/gpio/gpio.v Line: 47
    Warning (13010): Node "io[2]~synth" File: E:/FPGA/code/xSoc/chip_top/chip/gpio/gpio.v Line: 47
    Warning (13010): Node "io[3]~synth" File: E:/FPGA/code/xSoc/chip_top/chip/gpio/gpio.v Line: 47
    Warning (13010): Node "io[4]~synth" File: E:/FPGA/code/xSoc/chip_top/chip/gpio/gpio.v Line: 47
    Warning (13010): Node "io[5]~synth" File: E:/FPGA/code/xSoc/chip_top/chip/gpio/gpio.v Line: 47
    Warning (13010): Node "io[6]~synth" File: E:/FPGA/code/xSoc/chip_top/chip/gpio/gpio.v Line: 47
    Warning (13010): Node "io[7]~synth" File: E:/FPGA/code/xSoc/chip_top/chip/gpio/gpio.v Line: 47
    Warning (13010): Node "io[8]~synth" File: E:/FPGA/code/xSoc/chip_top/chip/gpio/gpio.v Line: 47
    Warning (13010): Node "io[9]~synth" File: E:/FPGA/code/xSoc/chip_top/chip/gpio/gpio.v Line: 47
    Warning (13010): Node "io[10]~synth" File: E:/FPGA/code/xSoc/chip_top/chip/gpio/gpio.v Line: 47
    Warning (13010): Node "io[11]~synth" File: E:/FPGA/code/xSoc/chip_top/chip/gpio/gpio.v Line: 47
    Warning (13010): Node "io[12]~synth" File: E:/FPGA/code/xSoc/chip_top/chip/gpio/gpio.v Line: 47
    Warning (13010): Node "io[13]~synth" File: E:/FPGA/code/xSoc/chip_top/chip/gpio/gpio.v Line: 47
    Warning (13010): Node "io[14]~synth" File: E:/FPGA/code/xSoc/chip_top/chip/gpio/gpio.v Line: 47
    Warning (13010): Node "io[15]~synth" File: E:/FPGA/code/xSoc/chip_top/chip/gpio/gpio.v Line: 47
Warning (13024): Output pins are stuck at VCC or GND
    Warning (13410): Pin "rd_data[16]" is stuck at GND File: E:/FPGA/code/xSoc/chip_top/chip/gpio/gpio.v Line: 76
    Warning (13410): Pin "rd_data[17]" is stuck at GND File: E:/FPGA/code/xSoc/chip_top/chip/gpio/gpio.v Line: 76
    Warning (13410): Pin "rd_data[18]" is stuck at GND File: E:/FPGA/code/xSoc/chip_top/chip/gpio/gpio.v Line: 76
    Warning (13410): Pin "rd_data[19]" is stuck at GND File: E:/FPGA/code/xSoc/chip_top/chip/gpio/gpio.v Line: 76
    Warning (13410): Pin "rd_data[20]" is stuck at GND File: E:/FPGA/code/xSoc/chip_top/chip/gpio/gpio.v Line: 76
    Warning (13410): Pin "rd_data[21]" is stuck at GND File: E:/FPGA/code/xSoc/chip_top/chip/gpio/gpio.v Line: 76
    Warning (13410): Pin "rd_data[22]" is stuck at GND File: E:/FPGA/code/xSoc/chip_top/chip/gpio/gpio.v Line: 76
    Warning (13410): Pin "rd_data[23]" is stuck at GND File: E:/FPGA/code/xSoc/chip_top/chip/gpio/gpio.v Line: 76
    Warning (13410): Pin "rd_data[24]" is stuck at GND File: E:/FPGA/code/xSoc/chip_top/chip/gpio/gpio.v Line: 76
    Warning (13410): Pin "rd_data[25]" is stuck at GND File: E:/FPGA/code/xSoc/chip_top/chip/gpio/gpio.v Line: 76
    Warning (13410): Pin "rd_data[26]" is stuck at GND File: E:/FPGA/code/xSoc/chip_top/chip/gpio/gpio.v Line: 76
    Warning (13410): Pin "rd_data[27]" is stuck at GND File: E:/FPGA/code/xSoc/chip_top/chip/gpio/gpio.v Line: 76
    Warning (13410): Pin "rd_data[28]" is stuck at GND File: E:/FPGA/code/xSoc/chip_top/chip/gpio/gpio.v Line: 76
    Warning (13410): Pin "rd_data[29]" is stuck at GND File: E:/FPGA/code/xSoc/chip_top/chip/gpio/gpio.v Line: 76
    Warning (13410): Pin "rd_data[30]" is stuck at GND File: E:/FPGA/code/xSoc/chip_top/chip/gpio/gpio.v Line: 76
    Warning (13410): Pin "rd_data[31]" is stuck at GND File: E:/FPGA/code/xSoc/chip_top/chip/gpio/gpio.v Line: 76
Info (286030): Timing-Driven Synthesis is running
Info (16010): Generating hard_block partition "hard_block:auto_generated_inst"
    Info (16011): Adding 0 node(s), including 0 DDIO, 0 PLL, 0 transceiver and 0 LCELL
Warning (21074): Design contains 16 input pin(s) that do not drive logic
    Warning (15610): No output dependent on input pin "wr_data[16]" File: E:/FPGA/code/xSoc/chip_top/chip/gpio/gpio.v Line: 32
    Warning (15610): No output dependent on input pin "wr_data[17]" File: E:/FPGA/code/xSoc/chip_top/chip/gpio/gpio.v Line: 32
    Warning (15610): No output dependent on input pin "wr_data[18]" File: E:/FPGA/code/xSoc/chip_top/chip/gpio/gpio.v Line: 32
    Warning (15610): No output dependent on input pin "wr_data[19]" File: E:/FPGA/code/xSoc/chip_top/chip/gpio/gpio.v Line: 32
    Warning (15610): No output dependent on input pin "wr_data[20]" File: E:/FPGA/code/xSoc/chip_top/chip/gpio/gpio.v Line: 32
    Warning (15610): No output dependent on input pin "wr_data[21]" File: E:/FPGA/code/xSoc/chip_top/chip/gpio/gpio.v Line: 32
    Warning (15610): No output dependent on input pin "wr_data[22]" File: E:/FPGA/code/xSoc/chip_top/chip/gpio/gpio.v Line: 32
    Warning (15610): No output dependent on input pin "wr_data[23]" File: E:/FPGA/code/xSoc/chip_top/chip/gpio/gpio.v Line: 32
    Warning (15610): No output dependent on input pin "wr_data[24]" File: E:/FPGA/code/xSoc/chip_top/chip/gpio/gpio.v Line: 32
    Warning (15610): No output dependent on input pin "wr_data[25]" File: E:/FPGA/code/xSoc/chip_top/chip/gpio/gpio.v Line: 32
    Warning (15610): No output dependent on input pin "wr_data[26]" File: E:/FPGA/code/xSoc/chip_top/chip/gpio/gpio.v Line: 32
    Warning (15610): No output dependent on input pin "wr_data[27]" File: E:/FPGA/code/xSoc/chip_top/chip/gpio/gpio.v Line: 32
    Warning (15610): No output dependent on input pin "wr_data[28]" File: E:/FPGA/code/xSoc/chip_top/chip/gpio/gpio.v Line: 32
    Warning (15610): No output dependent on input pin "wr_data[29]" File: E:/FPGA/code/xSoc/chip_top/chip/gpio/gpio.v Line: 32
    Warning (15610): No output dependent on input pin "wr_data[30]" File: E:/FPGA/code/xSoc/chip_top/chip/gpio/gpio.v Line: 32
    Warning (15610): No output dependent on input pin "wr_data[31]" File: E:/FPGA/code/xSoc/chip_top/chip/gpio/gpio.v Line: 32
Info (21057): Implemented 124 device resources after synthesis - the final resource count might be different
    Info (21058): Implemented 39 input pins
    Info (21059): Implemented 49 output pins
    Info (21061): Implemented 36 logic cells
Info: Quartus Prime Analysis & Synthesis was successful. 0 errors, 71 warnings
    Info: Peak virtual memory: 4768 megabytes
    Info: Processing ended: Mon Aug 24 13:43:02 2020
    Info: Elapsed time: 00:00:09
    Info: Total CPU time (on all processors): 00:00:18


