Analysis & Elaboration report for idu_top
Wed Aug 19 10:09:23 2020
Quartus Prime Version 17.1.0 Build 590 10/25/2017 SJ Standard Edition


---------------------
; Table of Contents ;
---------------------
  1. Legal Notice
  2. Analysis & Elaboration Summary
  3. Parallel Compilation
  4. Analysis & Elaboration Settings
  5. Port Connectivity Checks: "id_reg:id_reg_0"
  6. Port Connectivity Checks: "decoder:decode_0"
  7. Analysis & Elaboration Messages



----------------
; Legal Notice ;
----------------
Copyright (C) 2017  Intel Corporation. All rights reserved.
Your use of Intel Corporation's design tools, logic functions 
and other software and tools, and its AMPP partner logic 
functions, and any output files from any of the foregoing 
(including device programming or simulation files), and any 
associated documentation or information are expressly subject 
to the terms and conditions of the Intel Program License 
Subscription Agreement, the Intel Quartus Prime License Agreement,
the Intel FPGA IP License Agreement, or other applicable license
agreement, including, without limitation, that your use is for
the sole purpose of programming logic devices manufactured by
Intel and sold by Intel or its authorized distributors.  Please
refer to the applicable agreement for further details.



+--------------------------------------------------------------------------------------+
; Analysis & Elaboration Summary                                                       ;
+------------------------------------+-------------------------------------------------+
; Analysis & Elaboration Status      ; Successful - Wed Aug 19 10:09:23 2020           ;
; Quartus Prime Version              ; 17.1.0 Build 590 10/25/2017 SJ Standard Edition ;
; Revision Name                      ; idu_top                                         ;
; Top-level Entity Name              ; idu_top                                         ;
; Family                             ; Cyclone IV E                                    ;
; Total logic elements               ; N/A until Partition Merge                       ;
;     Total combinational functions  ; N/A until Partition Merge                       ;
;     Dedicated logic registers      ; N/A until Partition Merge                       ;
; Total registers                    ; N/A until Partition Merge                       ;
; Total pins                         ; N/A until Partition Merge                       ;
; Total virtual pins                 ; N/A until Partition Merge                       ;
; Total memory bits                  ; N/A until Partition Merge                       ;
; Embedded Multiplier 9-bit elements ; N/A until Partition Merge                       ;
; Total PLLs                         ; N/A until Partition Merge                       ;
+------------------------------------+-------------------------------------------------+


+------------------------------------------+
; Parallel Compilation                     ;
+----------------------------+-------------+
; Processors                 ; Number      ;
+----------------------------+-------------+
; Number detected on machine ; 6           ;
; Maximum allowed            ; 6           ;
;                            ;             ;
; Average used               ; 1.00        ;
; Maximum used               ; 1           ;
;                            ;             ;
; Usage by Processor         ; % Time Used ;
;     Processor 1            ; 100.0%      ;
+----------------------------+-------------+


+----------------------------------------------------------------------------------------------------------------------+
; Analysis & Elaboration Settings                                                                                      ;
+----------------------------------------------------------------------------+--------------------+--------------------+
; Option                                                                     ; Setting            ; Default Value      ;
+----------------------------------------------------------------------------+--------------------+--------------------+
; Device                                                                     ; EP4CE15F23C8       ;                    ;
; Top-level entity name                                                      ; idu_top            ; idu_top            ;
; Family name                                                                ; Cyclone IV E       ; Cyclone V          ;
; Use smart compilation                                                      ; Off                ; Off                ;
; Enable parallel Assembler and TimeQuest Timing Analyzer during compilation ; On                 ; On                 ;
; Enable compact report table                                                ; Off                ; Off                ;
; Restructure Multiplexers                                                   ; Auto               ; Auto               ;
; Create Debugging Nodes for IP Cores                                        ; Off                ; Off                ;
; Preserve fewer node names                                                  ; On                 ; On                 ;
; Intel FPGA IP Evaluation Mode                                              ; Enable             ; Enable             ;
; Verilog Version                                                            ; Verilog_2001       ; Verilog_2001       ;
; VHDL Version                                                               ; VHDL_1993          ; VHDL_1993          ;
; State Machine Processing                                                   ; Auto               ; Auto               ;
; Safe State Machine                                                         ; Off                ; Off                ;
; Extract Verilog State Machines                                             ; On                 ; On                 ;
; Extract VHDL State Machines                                                ; On                 ; On                 ;
; Ignore Verilog initial constructs                                          ; Off                ; Off                ;
; Iteration limit for constant Verilog loops                                 ; 5000               ; 5000               ;
; Iteration limit for non-constant Verilog loops                             ; 250                ; 250                ;
; Add Pass-Through Logic to Inferred RAMs                                    ; On                 ; On                 ;
; Infer RAMs from Raw Logic                                                  ; On                 ; On                 ;
; Parallel Synthesis                                                         ; On                 ; On                 ;
; DSP Block Balancing                                                        ; Auto               ; Auto               ;
; NOT Gate Push-Back                                                         ; On                 ; On                 ;
; Power-Up Don't Care                                                        ; On                 ; On                 ;
; Remove Redundant Logic Cells                                               ; Off                ; Off                ;
; Remove Duplicate Registers                                                 ; On                 ; On                 ;
; Ignore CARRY Buffers                                                       ; Off                ; Off                ;
; Ignore CASCADE Buffers                                                     ; Off                ; Off                ;
; Ignore GLOBAL Buffers                                                      ; Off                ; Off                ;
; Ignore ROW GLOBAL Buffers                                                  ; Off                ; Off                ;
; Ignore LCELL Buffers                                                       ; Off                ; Off                ;
; Ignore SOFT Buffers                                                        ; On                 ; On                 ;
; Limit AHDL Integers to 32 Bits                                             ; Off                ; Off                ;
; Optimization Technique                                                     ; Balanced           ; Balanced           ;
; Carry Chain Length                                                         ; 70                 ; 70                 ;
; Auto Carry Chains                                                          ; On                 ; On                 ;
; Auto Open-Drain Pins                                                       ; On                 ; On                 ;
; Perform WYSIWYG Primitive Resynthesis                                      ; Off                ; Off                ;
; Auto ROM Replacement                                                       ; On                 ; On                 ;
; Auto RAM Replacement                                                       ; On                 ; On                 ;
; Auto DSP Block Replacement                                                 ; On                 ; On                 ;
; Auto Shift Register Replacement                                            ; Auto               ; Auto               ;
; Allow Shift Register Merging across Hierarchies                            ; Auto               ; Auto               ;
; Auto Clock Enable Replacement                                              ; On                 ; On                 ;
; Strict RAM Replacement                                                     ; Off                ; Off                ;
; Allow Synchronous Control Signals                                          ; On                 ; On                 ;
; Force Use of Synchronous Clear Signals                                     ; Off                ; Off                ;
; Auto RAM Block Balancing                                                   ; On                 ; On                 ;
; Auto RAM to Logic Cell Conversion                                          ; Off                ; Off                ;
; Auto Resource Sharing                                                      ; Off                ; Off                ;
; Allow Any RAM Size For Recognition                                         ; Off                ; Off                ;
; Allow Any ROM Size For Recognition                                         ; Off                ; Off                ;
; Allow Any Shift Register Size For Recognition                              ; Off                ; Off                ;
; Use LogicLock Constraints during Resource Balancing                        ; On                 ; On                 ;
; Ignore translate_off and synthesis_off directives                          ; Off                ; Off                ;
; Timing-Driven Synthesis                                                    ; On                 ; On                 ;
; Report Parameter Settings                                                  ; On                 ; On                 ;
; Report Source Assignments                                                  ; On                 ; On                 ;
; Report Connectivity Checks                                                 ; On                 ; On                 ;
; Ignore Maximum Fan-Out Assignments                                         ; Off                ; Off                ;
; Synchronization Register Chain Length                                      ; 2                  ; 2                  ;
; Power Optimization During Synthesis                                        ; Normal compilation ; Normal compilation ;
; HDL message level                                                          ; Level2             ; Level2             ;
; Suppress Register Optimization Related Messages                            ; Off                ; Off                ;
; Number of Removed Registers Reported in Synthesis Report                   ; 5000               ; 5000               ;
; Number of Swept Nodes Reported in Synthesis Report                         ; 5000               ; 5000               ;
; Number of Inverted Registers Reported in Synthesis Report                  ; 100                ; 100                ;
; Clock MUX Protection                                                       ; On                 ; On                 ;
; Auto Gated Clock Conversion                                                ; Off                ; Off                ;
; Block Design Naming                                                        ; Auto               ; Auto               ;
; SDC constraint protection                                                  ; Off                ; Off                ;
; Synthesis Effort                                                           ; Auto               ; Auto               ;
; Shift Register Replacement - Allow Asynchronous Clear Signal               ; On                 ; On                 ;
; Pre-Mapping Resynthesis Optimization                                       ; Off                ; Off                ;
; Analysis & Synthesis Message Level                                         ; Medium             ; Medium             ;
; Disable Register Merging Across Hierarchies                                ; Auto               ; Auto               ;
; Resource Aware Inference For Block RAM                                     ; On                 ; On                 ;
+----------------------------------------------------------------------------+--------------------+--------------------+


+----------------------------------------------------------------------------------------------------------------------------------------------------------------------------------------+
; Port Connectivity Checks: "id_reg:id_reg_0"                                                                                                                                            ;
+-------------+-------+----------+-------------------------------------------------------------------------------------------------------------------------------------------------------+
; Port        ; Type  ; Severity ; Details                                                                                                                                               ;
+-------------+-------+----------+-------------------------------------------------------------------------------------------------------------------------------------------------------+
; alu_op      ; Input ; Warning  ; Input port expression (1 bits) is smaller than the input port (4 bits) it drives.  Extra input bit(s) "alu_op[3..1]" will be connected to GND.        ;
; alu_in_0    ; Input ; Warning  ; Input port expression (1 bits) is smaller than the input port (32 bits) it drives.  Extra input bit(s) "alu_in_0[31..1]" will be connected to GND.    ;
; alu_in_1    ; Input ; Warning  ; Input port expression (1 bits) is smaller than the input port (32 bits) it drives.  Extra input bit(s) "alu_in_1[31..1]" will be connected to GND.    ;
; mem_op      ; Input ; Warning  ; Input port expression (1 bits) is smaller than the input port (2 bits) it drives.  Extra input bit(s) "mem_op[1..1]" will be connected to GND.        ;
; mem_wr_data ; Input ; Warning  ; Input port expression (1 bits) is smaller than the input port (32 bits) it drives.  Extra input bit(s) "mem_wr_data[31..1]" will be connected to GND. ;
; ctrl_op     ; Input ; Warning  ; Input port expression (1 bits) is smaller than the input port (2 bits) it drives.  Extra input bit(s) "ctrl_op[1..1]" will be connected to GND.       ;
; dst_addr    ; Input ; Warning  ; Input port expression (1 bits) is smaller than the input port (5 bits) it drives.  Extra input bit(s) "dst_addr[4..1]" will be connected to GND.      ;
; exp_code    ; Input ; Warning  ; Input port expression (1 bits) is smaller than the input port (3 bits) it drives.  Extra input bit(s) "exp_code[2..1]" will be connected to GND.      ;
+-------------+-------+----------+-------------------------------------------------------------------------------------------------------------------------------------------------------+


+--------------------------------------------------------------------------------------------------------------------------------------------------------------------+
; Port Connectivity Checks: "decoder:decode_0"                                                                                                                       ;
+-------------+--------+----------+----------------------------------------------------------------------------------------------------------------------------------+
; Port        ; Type   ; Severity ; Details                                                                                                                          ;
+-------------+--------+----------+----------------------------------------------------------------------------------------------------------------------------------+
; alu_op      ; Output ; Warning  ; Output or bidir port (5 bits) is wider than the port expression (1 bits) it drives; bit(s) "alu_op[4..1]" have no fanouts        ;
; alu_in_0    ; Output ; Warning  ; Output or bidir port (32 bits) is wider than the port expression (1 bits) it drives; bit(s) "alu_in_0[31..1]" have no fanouts    ;
; alu_in_1    ; Output ; Warning  ; Output or bidir port (32 bits) is wider than the port expression (1 bits) it drives; bit(s) "alu_in_1[31..1]" have no fanouts    ;
; br_addr     ; Output ; Warning  ; Output or bidir port (30 bits) is wider than the port expression (1 bits) it drives; bit(s) "br_addr[29..1]" have no fanouts     ;
; mem_op      ; Output ; Warning  ; Output or bidir port (2 bits) is wider than the port expression (1 bits) it drives; bit(s) "mem_op[1..1]" have no fanouts        ;
; mem_wr_data ; Output ; Warning  ; Output or bidir port (32 bits) is wider than the port expression (1 bits) it drives; bit(s) "mem_wr_data[31..1]" have no fanouts ;
; ctrl_op     ; Output ; Warning  ; Output or bidir port (2 bits) is wider than the port expression (1 bits) it drives; bit(s) "ctrl_op[1..1]" have no fanouts       ;
; dst_addr    ; Output ; Warning  ; Output or bidir port (5 bits) is wider than the port expression (1 bits) it drives; bit(s) "dst_addr[4..1]" have no fanouts      ;
; exp_code    ; Output ; Warning  ; Output or bidir port (3 bits) is wider than the port expression (1 bits) it drives; bit(s) "exp_code[2..1]" have no fanouts      ;
+-------------+--------+----------+----------------------------------------------------------------------------------------------------------------------------------+


+---------------------------------+
; Analysis & Elaboration Messages ;
+---------------------------------+
Info: *******************************************************************
Info: Running Quartus Prime Analysis & Elaboration
    Info: Version 17.1.0 Build 590 10/25/2017 SJ Standard Edition
    Info: Processing started: Wed Aug 19 10:09:15 2020
Info: Command: quartus_map --read_settings_files=on --write_settings_files=off idu_top -c idu_top --analysis_and_elaboration
Warning (18236): Number of processors has not been specified which may cause overloading on shared machines.  Set the global assignment NUM_PARALLEL_PROCESSORS in your QSF to an appropriate value for best performance.
Info (20030): Parallel compilation is enabled and will use 6 of the 6 processors detected
Info (12021): Found 1 design units, including 1 entities, in source file /fpga/code/xsoc/chip_top/chip/cpu/idu/id_reg/id_reg.v
    Info (12023): Found entity 1: id_reg File: E:/FPGA/code/xSoc/chip_top/chip/cpu/idu/id_reg/id_reg.v Line: 4
Info (12021): Found 1 design units, including 1 entities, in source file /fpga/code/xsoc/chip_top/chip/cpu/idu/decoder/decoder.v
    Info (12023): Found entity 1: decoder File: E:/FPGA/code/xSoc/chip_top/chip/cpu/idu/decoder/decoder.v Line: 5
Info (12021): Found 1 design units, including 1 entities, in source file idu_top.v
    Info (12023): Found entity 1: idu_top File: E:/FPGA/code/xSoc/chip_top/chip/cpu/idu/idu_top/idu_top.v Line: 1
Warning (10236): Verilog HDL Implicit Net warning at idu_top.v(123): created implicit net for "ex_en" File: E:/FPGA/code/xSoc/chip_top/chip/cpu/idu/idu_top/idu_top.v Line: 123
Warning (10236): Verilog HDL Implicit Net warning at idu_top.v(137): created implicit net for "alu_op" File: E:/FPGA/code/xSoc/chip_top/chip/cpu/idu/idu_top/idu_top.v Line: 137
Warning (10236): Verilog HDL Implicit Net warning at idu_top.v(138): created implicit net for "alu_in_0" File: E:/FPGA/code/xSoc/chip_top/chip/cpu/idu/idu_top/idu_top.v Line: 138
Warning (10236): Verilog HDL Implicit Net warning at idu_top.v(139): created implicit net for "alu_in_1" File: E:/FPGA/code/xSoc/chip_top/chip/cpu/idu/idu_top/idu_top.v Line: 139
Warning (10236): Verilog HDL Implicit Net warning at idu_top.v(142): created implicit net for "br_flag" File: E:/FPGA/code/xSoc/chip_top/chip/cpu/idu/idu_top/idu_top.v Line: 142
Warning (10236): Verilog HDL Implicit Net warning at idu_top.v(143): created implicit net for "mem_op" File: E:/FPGA/code/xSoc/chip_top/chip/cpu/idu/idu_top/idu_top.v Line: 143
Warning (10236): Verilog HDL Implicit Net warning at idu_top.v(144): created implicit net for "mem_wr_data" File: E:/FPGA/code/xSoc/chip_top/chip/cpu/idu/idu_top/idu_top.v Line: 144
Warning (10236): Verilog HDL Implicit Net warning at idu_top.v(145): created implicit net for "ctrl_op" File: E:/FPGA/code/xSoc/chip_top/chip/cpu/idu/idu_top/idu_top.v Line: 145
Warning (10236): Verilog HDL Implicit Net warning at idu_top.v(146): created implicit net for "dst_addr" File: E:/FPGA/code/xSoc/chip_top/chip/cpu/idu/idu_top/idu_top.v Line: 146
Warning (10236): Verilog HDL Implicit Net warning at idu_top.v(147): created implicit net for "gpr_we_" File: E:/FPGA/code/xSoc/chip_top/chip/cpu/idu/idu_top/idu_top.v Line: 147
Warning (10236): Verilog HDL Implicit Net warning at idu_top.v(148): created implicit net for "exp_code" File: E:/FPGA/code/xSoc/chip_top/chip/cpu/idu/idu_top/idu_top.v Line: 148
Info (12127): Elaborating entity "idu_top" for the top level hierarchy
Info (12128): Elaborating entity "decoder" for hierarchy "decoder:decode_0" File: E:/FPGA/code/xSoc/chip_top/chip/cpu/idu/idu_top/idu_top.v Line: 151
Info (12128): Elaborating entity "id_reg" for hierarchy "id_reg:id_reg_0" File: E:/FPGA/code/xSoc/chip_top/chip/cpu/idu/idu_top/idu_top.v Line: 194
Warning (12241): 2 hierarchies have connectivity warnings - see the Connectivity Checks report folder
Info: Quartus Prime Analysis & Elaboration was successful. 0 errors, 13 warnings
    Info: Peak virtual memory: 4717 megabytes
    Info: Processing ended: Wed Aug 19 10:09:23 2020
    Info: Elapsed time: 00:00:08
    Info: Total CPU time (on all processors): 00:00:17


