Analysis & Synthesis report for spm
Mon Aug 17 11:43:45 2020
Quartus Prime Version 17.1.0 Build 590 10/25/2017 SJ Standard Edition


---------------------
; Table of Contents ;
---------------------
  1. Legal Notice
  2. Analysis & Synthesis Summary
  3. Analysis & Synthesis Settings
  4. Parallel Compilation
  5. Analysis & Synthesis Source Files Read
  6. Analysis & Synthesis Resource Usage Summary
  7. Analysis & Synthesis Resource Utilization by Entity
  8. Analysis & Synthesis RAM Summary
  9. Analysis & Synthesis IP Cores Summary
 10. General Register Statistics
 11. Source assignments for dual_port_ram:spm|altsyncram:altsyncram_component|altsyncram_9uh2:auto_generated
 12. Parameter Settings for User Entity Instance: dual_port_ram:spm|altsyncram:altsyncram_component
 13. altsyncram Parameter Settings by Entity Instance
 14. Post-Synthesis Netlist Statistics for Top Partition
 15. Elapsed Time Per Partition
 16. Analysis & Synthesis Messages



----------------
; Legal Notice ;
----------------
Copyright (C) 2017  Intel Corporation. All rights reserved.
Your use of Intel Corporation's design tools, logic functions 
and other software and tools, and its AMPP partner logic 
functions, and any output files from any of the foregoing 
(including device programming or simulation files), and any 
associated documentation or information are expressly subject 
to the terms and conditions of the Intel Program License 
Subscription Agreement, the Intel Quartus Prime License Agreement,
the Intel FPGA IP License Agreement, or other applicable license
agreement, including, without limitation, that your use is for
the sole purpose of programming logic devices manufactured by
Intel and sold by Intel or its authorized distributors.  Please
refer to the applicable agreement for further details.



+--------------------------------------------------------------------------------------+
; Analysis & Synthesis Summary                                                         ;
+------------------------------------+-------------------------------------------------+
; Analysis & Synthesis Status        ; Successful - Mon Aug 17 11:43:45 2020           ;
; Quartus Prime Version              ; 17.1.0 Build 590 10/25/2017 SJ Standard Edition ;
; Revision Name                      ; spm                                             ;
; Top-level Entity Name              ; spm                                             ;
; Family                             ; Cyclone IV E                                    ;
; Total logic elements               ; 2                                               ;
;     Total combinational functions  ; 2                                               ;
;     Dedicated logic registers      ; 0                                               ;
; Total registers                    ; 0                                               ;
; Total pins                         ; 157                                             ;
; Total virtual pins                 ; 0                                               ;
; Total memory bits                  ; 131,072                                         ;
; Embedded Multiplier 9-bit elements ; 0                                               ;
; Total PLLs                         ; 0                                               ;
+------------------------------------+-------------------------------------------------+


+----------------------------------------------------------------------------------------------------------------------+
; Analysis & Synthesis Settings                                                                                        ;
+----------------------------------------------------------------------------+--------------------+--------------------+
; Option                                                                     ; Setting            ; Default Value      ;
+----------------------------------------------------------------------------+--------------------+--------------------+
; Device                                                                     ; EP4CE15F23C8       ;                    ;
; Top-level entity name                                                      ; spm                ; spm                ;
; Family name                                                                ; Cyclone IV E       ; Cyclone V          ;
; Use smart compilation                                                      ; Off                ; Off                ;
; Enable parallel Assembler and TimeQuest Timing Analyzer during compilation ; On                 ; On                 ;
; Enable compact report table                                                ; Off                ; Off                ;
; Restructure Multiplexers                                                   ; Auto               ; Auto               ;
; Create Debugging Nodes for IP Cores                                        ; Off                ; Off                ;
; Preserve fewer node names                                                  ; On                 ; On                 ;
; Intel FPGA IP Evaluation Mode                                              ; Enable             ; Enable             ;
; Verilog Version                                                            ; Verilog_2001       ; Verilog_2001       ;
; VHDL Version                                                               ; VHDL_1993          ; VHDL_1993          ;
; State Machine Processing                                                   ; Auto               ; Auto               ;
; Safe State Machine                                                         ; Off                ; Off                ;
; Extract Verilog State Machines                                             ; On                 ; On                 ;
; Extract VHDL State Machines                                                ; On                 ; On                 ;
; Ignore Verilog initial constructs                                          ; Off                ; Off                ;
; Iteration limit for constant Verilog loops                                 ; 5000               ; 5000               ;
; Iteration limit for non-constant Verilog loops                             ; 250                ; 250                ;
; Add Pass-Through Logic to Inferred RAMs                                    ; On                 ; On                 ;
; Infer RAMs from Raw Logic                                                  ; On                 ; On                 ;
; Parallel Synthesis                                                         ; On                 ; On                 ;
; DSP Block Balancing                                                        ; Auto               ; Auto               ;
; NOT Gate Push-Back                                                         ; On                 ; On                 ;
; Power-Up Don't Care                                                        ; On                 ; On                 ;
; Remove Redundant Logic Cells                                               ; Off                ; Off                ;
; Remove Duplicate Registers                                                 ; On                 ; On                 ;
; Ignore CARRY Buffers                                                       ; Off                ; Off                ;
; Ignore CASCADE Buffers                                                     ; Off                ; Off                ;
; Ignore GLOBAL Buffers                                                      ; Off                ; Off                ;
; Ignore ROW GLOBAL Buffers                                                  ; Off                ; Off                ;
; Ignore LCELL Buffers                                                       ; Off                ; Off                ;
; Ignore SOFT Buffers                                                        ; On                 ; On                 ;
; Limit AHDL Integers to 32 Bits                                             ; Off                ; Off                ;
; Optimization Technique                                                     ; Balanced           ; Balanced           ;
; Carry Chain Length                                                         ; 70                 ; 70                 ;
; Auto Carry Chains                                                          ; On                 ; On                 ;
; Auto Open-Drain Pins                                                       ; On                 ; On                 ;
; Perform WYSIWYG Primitive Resynthesis                                      ; Off                ; Off                ;
; Auto ROM Replacement                                                       ; On                 ; On                 ;
; Auto RAM Replacement                                                       ; On                 ; On                 ;
; Auto DSP Block Replacement                                                 ; On                 ; On                 ;
; Auto Shift Register Replacement                                            ; Auto               ; Auto               ;
; Allow Shift Register Merging across Hierarchies                            ; Auto               ; Auto               ;
; Auto Clock Enable Replacement                                              ; On                 ; On                 ;
; Strict RAM Replacement                                                     ; Off                ; Off                ;
; Allow Synchronous Control Signals                                          ; On                 ; On                 ;
; Force Use of Synchronous Clear Signals                                     ; Off                ; Off                ;
; Auto RAM Block Balancing                                                   ; On                 ; On                 ;
; Auto RAM to Logic Cell Conversion                                          ; Off                ; Off                ;
; Auto Resource Sharing                                                      ; Off                ; Off                ;
; Allow Any RAM Size For Recognition                                         ; Off                ; Off                ;
; Allow Any ROM Size For Recognition                                         ; Off                ; Off                ;
; Allow Any Shift Register Size For Recognition                              ; Off                ; Off                ;
; Use LogicLock Constraints during Resource Balancing                        ; On                 ; On                 ;
; Ignore translate_off and synthesis_off directives                          ; Off                ; Off                ;
; Timing-Driven Synthesis                                                    ; On                 ; On                 ;
; Report Parameter Settings                                                  ; On                 ; On                 ;
; Report Source Assignments                                                  ; On                 ; On                 ;
; Report Connectivity Checks                                                 ; On                 ; On                 ;
; Ignore Maximum Fan-Out Assignments                                         ; Off                ; Off                ;
; Synchronization Register Chain Length                                      ; 2                  ; 2                  ;
; Power Optimization During Synthesis                                        ; Normal compilation ; Normal compilation ;
; HDL message level                                                          ; Level2             ; Level2             ;
; Suppress Register Optimization Related Messages                            ; Off                ; Off                ;
; Number of Removed Registers Reported in Synthesis Report                   ; 5000               ; 5000               ;
; Number of Swept Nodes Reported in Synthesis Report                         ; 5000               ; 5000               ;
; Number of Inverted Registers Reported in Synthesis Report                  ; 100                ; 100                ;
; Clock MUX Protection                                                       ; On                 ; On                 ;
; Auto Gated Clock Conversion                                                ; Off                ; Off                ;
; Block Design Naming                                                        ; Auto               ; Auto               ;
; SDC constraint protection                                                  ; Off                ; Off                ;
; Synthesis Effort                                                           ; Auto               ; Auto               ;
; Shift Register Replacement - Allow Asynchronous Clear Signal               ; On                 ; On                 ;
; Pre-Mapping Resynthesis Optimization                                       ; Off                ; Off                ;
; Analysis & Synthesis Message Level                                         ; Medium             ; Medium             ;
; Disable Register Merging Across Hierarchies                                ; Auto               ; Auto               ;
; Resource Aware Inference For Block RAM                                     ; On                 ; On                 ;
+----------------------------------------------------------------------------+--------------------+--------------------+


+------------------------------------------+
; Parallel Compilation                     ;
+----------------------------+-------------+
; Processors                 ; Number      ;
+----------------------------+-------------+
; Number detected on machine ; 6           ;
; Maximum allowed            ; 6           ;
;                            ;             ;
; Average used               ; 1.00        ;
; Maximum used               ; 1           ;
;                            ;             ;
; Usage by Processor         ; % Time Used ;
;     Processor 1            ; 100.0%      ;
+----------------------------+-------------+


+----------------------------------------------------------------------------------------------------------------------------------------------------------------------------------+
; Analysis & Synthesis Source Files Read                                                                                                                                           ;
+------------------------------------------+-----------------+------------------------------+----------------------------------------------------------------------------+---------+
; File Name with User-Entered Path         ; Used in Netlist ; File Type                    ; File Name with Absolute Path                                               ; Library ;
+------------------------------------------+-----------------+------------------------------+----------------------------------------------------------------------------+---------+
; spm.v                                    ; yes             ; User Verilog HDL File        ; E:/FPGA/code/xSoc/chip_top/chip/cpu/spm/spm.v                              ;         ;
; spm.h                                    ; yes             ; User File                    ; E:/FPGA/code/xSoc/chip_top/chip/cpu/spm/spm.h                              ;         ;
; dual_port_ram/dual_port_ram.v            ; yes             ; User Wizard-Generated File   ; E:/FPGA/code/xSoc/chip_top/chip/cpu/spm/dual_port_ram/dual_port_ram.v      ;         ;
; /fpga/code/xsoc/chip_top/global_config.h ; yes             ; Auto-Found File              ; /fpga/code/xsoc/chip_top/global_config.h                                   ;         ;
; altsyncram.tdf                           ; yes             ; Megafunction                 ; e:/quartus_prime/app/quartus/libraries/megafunctions/altsyncram.tdf        ;         ;
; stratix_ram_block.inc                    ; yes             ; Megafunction                 ; e:/quartus_prime/app/quartus/libraries/megafunctions/stratix_ram_block.inc ;         ;
; lpm_mux.inc                              ; yes             ; Megafunction                 ; e:/quartus_prime/app/quartus/libraries/megafunctions/lpm_mux.inc           ;         ;
; lpm_decode.inc                           ; yes             ; Megafunction                 ; e:/quartus_prime/app/quartus/libraries/megafunctions/lpm_decode.inc        ;         ;
; aglobal171.inc                           ; yes             ; Megafunction                 ; e:/quartus_prime/app/quartus/libraries/megafunctions/aglobal171.inc        ;         ;
; a_rdenreg.inc                            ; yes             ; Megafunction                 ; e:/quartus_prime/app/quartus/libraries/megafunctions/a_rdenreg.inc         ;         ;
; altrom.inc                               ; yes             ; Megafunction                 ; e:/quartus_prime/app/quartus/libraries/megafunctions/altrom.inc            ;         ;
; altram.inc                               ; yes             ; Megafunction                 ; e:/quartus_prime/app/quartus/libraries/megafunctions/altram.inc            ;         ;
; altdpram.inc                             ; yes             ; Megafunction                 ; e:/quartus_prime/app/quartus/libraries/megafunctions/altdpram.inc          ;         ;
; db/altsyncram_9uh2.tdf                   ; yes             ; Auto-Generated Megafunction  ; E:/FPGA/code/xSoc/chip_top/chip/cpu/spm/db/altsyncram_9uh2.tdf             ;         ;
+------------------------------------------+-----------------+------------------------------+----------------------------------------------------------------------------+---------+


+------------------------------------------------------+
; Analysis & Synthesis Resource Usage Summary          ;
+---------------------------------------------+--------+
; Resource                                    ; Usage  ;
+---------------------------------------------+--------+
; Estimated Total logic elements              ; 2      ;
;                                             ;        ;
; Total combinational functions               ; 2      ;
; Logic element usage by number of LUT inputs ;        ;
;     -- 4 input functions                    ; 0      ;
;     -- 3 input functions                    ; 0      ;
;     -- <=2 input functions                  ; 2      ;
;                                             ;        ;
; Logic elements by mode                      ;        ;
;     -- normal mode                          ; 2      ;
;     -- arithmetic mode                      ; 0      ;
;                                             ;        ;
; Total registers                             ; 0      ;
;     -- Dedicated logic registers            ; 0      ;
;     -- I/O registers                        ; 0      ;
;                                             ;        ;
; I/O pins                                    ; 157    ;
; Total memory bits                           ; 131072 ;
;                                             ;        ;
; Embedded Multiplier 9-bit elements          ; 0      ;
;                                             ;        ;
; Maximum fan-out node                        ; wea    ;
; Maximum fan-out                             ; 32     ;
; Total fan-out                               ; 1153   ;
; Average fan-out                             ; 3.31   ;
+---------------------------------------------+--------+


+-----------------------------------------------------------------------------------------------------------------------------------------------------------------------------------------------------------------------------------------------------------------------------------------------+
; Analysis & Synthesis Resource Utilization by Entity                                                                                                                                                                                                                                           ;
+-------------------------------------------+---------------------+---------------------------+-------------+--------------+---------+-----------+------+--------------+---------------------------------------------------------------------------------------+-----------------+--------------+
; Compilation Hierarchy Node                ; Combinational ALUTs ; Dedicated Logic Registers ; Memory Bits ; DSP Elements ; DSP 9x9 ; DSP 18x18 ; Pins ; Virtual Pins ; Full Hierarchy Name                                                                   ; Entity Name     ; Library Name ;
+-------------------------------------------+---------------------+---------------------------+-------------+--------------+---------+-----------+------+--------------+---------------------------------------------------------------------------------------+-----------------+--------------+
; |spm                                      ; 2 (2)               ; 0 (0)                     ; 131072      ; 0            ; 0       ; 0         ; 157  ; 0            ; |spm                                                                                  ; dual_port_ram   ; work         ;
;    |dual_port_ram:spm|                    ; 0 (0)               ; 0 (0)                     ; 131072      ; 0            ; 0       ; 0         ; 0    ; 0            ; |spm|dual_port_ram:spm                                                                ; dual_port_ram   ; work         ;
;       |altsyncram:altsyncram_component|   ; 0 (0)               ; 0 (0)                     ; 131072      ; 0            ; 0       ; 0         ; 0    ; 0            ; |spm|dual_port_ram:spm|altsyncram:altsyncram_component                                ; altsyncram      ; work         ;
;          |altsyncram_9uh2:auto_generated| ; 0 (0)               ; 0 (0)                     ; 131072      ; 0            ; 0       ; 0         ; 0    ; 0            ; |spm|dual_port_ram:spm|altsyncram:altsyncram_component|altsyncram_9uh2:auto_generated ; altsyncram_9uh2 ; work         ;
+-------------------------------------------+---------------------+---------------------------+-------------+--------------+---------+-----------+------+--------------+---------------------------------------------------------------------------------------+-----------------+--------------+
Note: For table entries with two numbers listed, the numbers in parentheses indicate the number of resources of the given type used by the specific entity alone. The numbers listed outside of parentheses indicate the total resources of the given type used by the specific entity and all of its sub-entities in the hierarchy.


+-------------------------------------------------------------------------------------------------------------------------------------------------------------------------------------------------+
; Analysis & Synthesis RAM Summary                                                                                                                                                                ;
+---------------------------------------------------------------------------------------------+------+----------------+--------------+--------------+--------------+--------------+--------+------+
; Name                                                                                        ; Type ; Mode           ; Port A Depth ; Port A Width ; Port B Depth ; Port B Width ; Size   ; MIF  ;
+---------------------------------------------------------------------------------------------+------+----------------+--------------+--------------+--------------+--------------+--------+------+
; dual_port_ram:spm|altsyncram:altsyncram_component|altsyncram_9uh2:auto_generated|ALTSYNCRAM ; AUTO ; True Dual Port ; 4096         ; 32           ; 4096         ; 32           ; 131072 ; None ;
+---------------------------------------------------------------------------------------------+------+----------------+--------------+--------------+--------------+--------------+--------+------+


+------------------------------------------------------------------------------------------------------------------------+
; Analysis & Synthesis IP Cores Summary                                                                                  ;
+--------+--------------+---------+--------------+--------------+------------------------+-------------------------------+
; Vendor ; IP Core Name ; Version ; Release Date ; License Type ; Entity Instance        ; IP Include File               ;
+--------+--------------+---------+--------------+--------------+------------------------+-------------------------------+
; Altera ; RAM: 2-PORT  ; 17.1    ; N/A          ; N/A          ; |spm|dual_port_ram:spm ; dual_port_ram/dual_port_ram.v ;
+--------+--------------+---------+--------------+--------------+------------------------+-------------------------------+


+------------------------------------------------------+
; General Register Statistics                          ;
+----------------------------------------------+-------+
; Statistic                                    ; Value ;
+----------------------------------------------+-------+
; Total registers                              ; 0     ;
; Number of registers using Synchronous Clear  ; 0     ;
; Number of registers using Synchronous Load   ; 0     ;
; Number of registers using Asynchronous Clear ; 0     ;
; Number of registers using Asynchronous Load  ; 0     ;
; Number of registers using Clock Enable       ; 0     ;
; Number of registers using Preset             ; 0     ;
+----------------------------------------------+-------+


+---------------------------------------------------------------------------------------------------------+
; Source assignments for dual_port_ram:spm|altsyncram:altsyncram_component|altsyncram_9uh2:auto_generated ;
+---------------------------------+--------------------+------+-------------------------------------------+
; Assignment                      ; Value              ; From ; To                                        ;
+---------------------------------+--------------------+------+-------------------------------------------+
; OPTIMIZE_POWER_DURING_SYNTHESIS ; NORMAL_COMPILATION ; -    ; -                                         ;
+---------------------------------+--------------------+------+-------------------------------------------+


+------------------------------------------------------------------------------------------------+
; Parameter Settings for User Entity Instance: dual_port_ram:spm|altsyncram:altsyncram_component ;
+------------------------------------+------------------------+----------------------------------+
; Parameter Name                     ; Value                  ; Type                             ;
+------------------------------------+------------------------+----------------------------------+
; BYTE_SIZE_BLOCK                    ; 8                      ; Untyped                          ;
; AUTO_CARRY_CHAINS                  ; ON                     ; AUTO_CARRY                       ;
; IGNORE_CARRY_BUFFERS               ; OFF                    ; IGNORE_CARRY                     ;
; AUTO_CASCADE_CHAINS                ; ON                     ; AUTO_CASCADE                     ;
; IGNORE_CASCADE_BUFFERS             ; OFF                    ; IGNORE_CASCADE                   ;
; WIDTH_BYTEENA                      ; 1                      ; Untyped                          ;
; OPERATION_MODE                     ; BIDIR_DUAL_PORT        ; Untyped                          ;
; WIDTH_A                            ; 32                     ; Signed Integer                   ;
; WIDTHAD_A                          ; 12                     ; Signed Integer                   ;
; NUMWORDS_A                         ; 4096                   ; Signed Integer                   ;
; OUTDATA_REG_A                      ; CLOCK0                 ; Untyped                          ;
; ADDRESS_ACLR_A                     ; NONE                   ; Untyped                          ;
; OUTDATA_ACLR_A                     ; NONE                   ; Untyped                          ;
; WRCONTROL_ACLR_A                   ; NONE                   ; Untyped                          ;
; INDATA_ACLR_A                      ; NONE                   ; Untyped                          ;
; BYTEENA_ACLR_A                     ; NONE                   ; Untyped                          ;
; WIDTH_B                            ; 32                     ; Signed Integer                   ;
; WIDTHAD_B                          ; 12                     ; Signed Integer                   ;
; NUMWORDS_B                         ; 4096                   ; Signed Integer                   ;
; INDATA_REG_B                       ; CLOCK0                 ; Untyped                          ;
; WRCONTROL_WRADDRESS_REG_B          ; CLOCK0                 ; Untyped                          ;
; RDCONTROL_REG_B                    ; CLOCK1                 ; Untyped                          ;
; ADDRESS_REG_B                      ; CLOCK0                 ; Untyped                          ;
; OUTDATA_REG_B                      ; CLOCK0                 ; Untyped                          ;
; BYTEENA_REG_B                      ; CLOCK1                 ; Untyped                          ;
; INDATA_ACLR_B                      ; NONE                   ; Untyped                          ;
; WRCONTROL_ACLR_B                   ; NONE                   ; Untyped                          ;
; ADDRESS_ACLR_B                     ; NONE                   ; Untyped                          ;
; OUTDATA_ACLR_B                     ; NONE                   ; Untyped                          ;
; RDCONTROL_ACLR_B                   ; NONE                   ; Untyped                          ;
; BYTEENA_ACLR_B                     ; NONE                   ; Untyped                          ;
; WIDTH_BYTEENA_A                    ; 1                      ; Signed Integer                   ;
; WIDTH_BYTEENA_B                    ; 1                      ; Signed Integer                   ;
; RAM_BLOCK_TYPE                     ; AUTO                   ; Untyped                          ;
; BYTE_SIZE                          ; 8                      ; Untyped                          ;
; READ_DURING_WRITE_MODE_MIXED_PORTS ; DONT_CARE              ; Untyped                          ;
; READ_DURING_WRITE_MODE_PORT_A      ; NEW_DATA_WITH_NBE_READ ; Untyped                          ;
; READ_DURING_WRITE_MODE_PORT_B      ; NEW_DATA_WITH_NBE_READ ; Untyped                          ;
; INIT_FILE                          ; UNUSED                 ; Untyped                          ;
; INIT_FILE_LAYOUT                   ; PORT_A                 ; Untyped                          ;
; MAXIMUM_DEPTH                      ; 0                      ; Untyped                          ;
; CLOCK_ENABLE_INPUT_A               ; BYPASS                 ; Untyped                          ;
; CLOCK_ENABLE_INPUT_B               ; BYPASS                 ; Untyped                          ;
; CLOCK_ENABLE_OUTPUT_A              ; BYPASS                 ; Untyped                          ;
; CLOCK_ENABLE_OUTPUT_B              ; BYPASS                 ; Untyped                          ;
; CLOCK_ENABLE_CORE_A                ; USE_INPUT_CLKEN        ; Untyped                          ;
; CLOCK_ENABLE_CORE_B                ; USE_INPUT_CLKEN        ; Untyped                          ;
; ENABLE_ECC                         ; FALSE                  ; Untyped                          ;
; ECC_PIPELINE_STAGE_ENABLED         ; FALSE                  ; Untyped                          ;
; WIDTH_ECCSTATUS                    ; 3                      ; Untyped                          ;
; DEVICE_FAMILY                      ; Cyclone IV E           ; Untyped                          ;
; CBXI_PARAMETER                     ; altsyncram_9uh2        ; Untyped                          ;
+------------------------------------+------------------------+----------------------------------+
Note: In order to hide this table in the UI and the text report file, please set the "Show Parameter Settings in Synthesis Report" option in "Analysis and Synthesis Settings -> More Settings" to "Off".


+-----------------------------------------------------------------------------------------------+
; altsyncram Parameter Settings by Entity Instance                                              ;
+-------------------------------------------+---------------------------------------------------+
; Name                                      ; Value                                             ;
+-------------------------------------------+---------------------------------------------------+
; Number of entity instances                ; 1                                                 ;
; Entity Instance                           ; dual_port_ram:spm|altsyncram:altsyncram_component ;
;     -- OPERATION_MODE                     ; BIDIR_DUAL_PORT                                   ;
;     -- WIDTH_A                            ; 32                                                ;
;     -- NUMWORDS_A                         ; 4096                                              ;
;     -- OUTDATA_REG_A                      ; CLOCK0                                            ;
;     -- WIDTH_B                            ; 32                                                ;
;     -- NUMWORDS_B                         ; 4096                                              ;
;     -- ADDRESS_REG_B                      ; CLOCK0                                            ;
;     -- OUTDATA_REG_B                      ; CLOCK0                                            ;
;     -- RAM_BLOCK_TYPE                     ; AUTO                                              ;
;     -- READ_DURING_WRITE_MODE_MIXED_PORTS ; DONT_CARE                                         ;
+-------------------------------------------+---------------------------------------------------+


+-----------------------------------------------------+
; Post-Synthesis Netlist Statistics for Top Partition ;
+-----------------------+-----------------------------+
; Type                  ; Count                       ;
+-----------------------+-----------------------------+
; boundary_port         ; 157                         ;
; cycloneiii_lcell_comb ; 2                           ;
;     normal            ; 2                           ;
;         2 data inputs ; 2                           ;
; cycloneiii_ram_block  ; 32                          ;
;                       ;                             ;
; Max LUT depth         ; 1.00                        ;
; Average LUT depth     ; 0.04                        ;
+-----------------------+-----------------------------+


+-------------------------------+
; Elapsed Time Per Partition    ;
+----------------+--------------+
; Partition Name ; Elapsed Time ;
+----------------+--------------+
; Top            ; 00:00:00     ;
+----------------+--------------+


+-------------------------------+
; Analysis & Synthesis Messages ;
+-------------------------------+
Info: *******************************************************************
Info: Running Quartus Prime Analysis & Synthesis
    Info: Version 17.1.0 Build 590 10/25/2017 SJ Standard Edition
    Info: Processing started: Mon Aug 17 11:43:36 2020
Info: Command: quartus_map --read_settings_files=on --write_settings_files=off spm -c spm
Warning (18236): Number of processors has not been specified which may cause overloading on shared machines.  Set the global assignment NUM_PARALLEL_PROCESSORS in your QSF to an appropriate value for best performance.
Info (20030): Parallel compilation is enabled and will use 6 of the 6 processors detected
Warning (10238): Verilog Module Declaration warning at spm.v(18): ignored anonymous port(s) indicated by duplicate or dangling comma(s) in the port list for module "spm" File: E:/FPGA/code/xSoc/chip_top/chip/cpu/spm/spm.v Line: 18
Info (12021): Found 1 design units, including 1 entities, in source file spm.v
    Info (12023): Found entity 1: spm File: E:/FPGA/code/xSoc/chip_top/chip/cpu/spm/spm.v Line: 3
Info (12021): Found 1 design units, including 1 entities, in source file dual_port_ram/dual_port_ram.v
    Info (12023): Found entity 1: dual_port_ram File: E:/FPGA/code/xSoc/chip_top/chip/cpu/spm/dual_port_ram/dual_port_ram.v Line: 39
Info (12127): Elaborating entity "spm" for the top level hierarchy
Info (12128): Elaborating entity "dual_port_ram" for hierarchy "dual_port_ram:spm" File: E:/FPGA/code/xSoc/chip_top/chip/cpu/spm/spm.v Line: 77
Info (12128): Elaborating entity "altsyncram" for hierarchy "dual_port_ram:spm|altsyncram:altsyncram_component" File: E:/FPGA/code/xSoc/chip_top/chip/cpu/spm/dual_port_ram/dual_port_ram.v Line: 103
Info (12130): Elaborated megafunction instantiation "dual_port_ram:spm|altsyncram:altsyncram_component" File: E:/FPGA/code/xSoc/chip_top/chip/cpu/spm/dual_port_ram/dual_port_ram.v Line: 103
Info (12133): Instantiated megafunction "dual_port_ram:spm|altsyncram:altsyncram_component" with the following parameter: File: E:/FPGA/code/xSoc/chip_top/chip/cpu/spm/dual_port_ram/dual_port_ram.v Line: 103
    Info (12134): Parameter "address_reg_b" = "CLOCK0"
    Info (12134): Parameter "clock_enable_input_a" = "BYPASS"
    Info (12134): Parameter "clock_enable_input_b" = "BYPASS"
    Info (12134): Parameter "clock_enable_output_a" = "BYPASS"
    Info (12134): Parameter "clock_enable_output_b" = "BYPASS"
    Info (12134): Parameter "indata_reg_b" = "CLOCK0"
    Info (12134): Parameter "intended_device_family" = "Cyclone IV E"
    Info (12134): Parameter "lpm_type" = "altsyncram"
    Info (12134): Parameter "numwords_a" = "4096"
    Info (12134): Parameter "numwords_b" = "4096"
    Info (12134): Parameter "operation_mode" = "BIDIR_DUAL_PORT"
    Info (12134): Parameter "outdata_aclr_a" = "NONE"
    Info (12134): Parameter "outdata_aclr_b" = "NONE"
    Info (12134): Parameter "outdata_reg_a" = "CLOCK0"
    Info (12134): Parameter "outdata_reg_b" = "CLOCK0"
    Info (12134): Parameter "power_up_uninitialized" = "FALSE"
    Info (12134): Parameter "read_during_write_mode_mixed_ports" = "DONT_CARE"
    Info (12134): Parameter "read_during_write_mode_port_a" = "NEW_DATA_WITH_NBE_READ"
    Info (12134): Parameter "read_during_write_mode_port_b" = "NEW_DATA_WITH_NBE_READ"
    Info (12134): Parameter "widthad_a" = "12"
    Info (12134): Parameter "widthad_b" = "12"
    Info (12134): Parameter "width_a" = "32"
    Info (12134): Parameter "width_b" = "32"
    Info (12134): Parameter "width_byteena_a" = "1"
    Info (12134): Parameter "width_byteena_b" = "1"
    Info (12134): Parameter "wrcontrol_wraddress_reg_b" = "CLOCK0"
Info (12021): Found 1 design units, including 1 entities, in source file db/altsyncram_9uh2.tdf
    Info (12023): Found entity 1: altsyncram_9uh2 File: E:/FPGA/code/xSoc/chip_top/chip/cpu/spm/db/altsyncram_9uh2.tdf Line: 27
Info (12128): Elaborating entity "altsyncram_9uh2" for hierarchy "dual_port_ram:spm|altsyncram:altsyncram_component|altsyncram_9uh2:auto_generated" File: e:/quartus_prime/app/quartus/libraries/megafunctions/altsyncram.tdf Line: 791
Info (286030): Timing-Driven Synthesis is running
Info (16010): Generating hard_block partition "hard_block:auto_generated_inst"
    Info (16011): Adding 0 node(s), including 0 DDIO, 0 PLL, 0 transceiver and 0 LCELL
Info (21057): Implemented 191 device resources after synthesis - the final resource count might be different
    Info (21058): Implemented 93 input pins
    Info (21059): Implemented 64 output pins
    Info (21061): Implemented 2 logic cells
    Info (21064): Implemented 32 RAM segments
Info: Quartus Prime Analysis & Synthesis was successful. 0 errors, 2 warnings
    Info: Peak virtual memory: 4774 megabytes
    Info: Processing ended: Mon Aug 17 11:43:45 2020
    Info: Elapsed time: 00:00:09
    Info: Total CPU time (on all processors): 00:00:17


