Analysis & Elaboration report for bus_top
Sat Aug 15 18:44:32 2020
Quartus Prime Version 17.1.0 Build 590 10/25/2017 SJ Standard Edition


---------------------
; Table of Contents ;
---------------------
  1. Legal Notice
  2. Analysis & Elaboration Summary
  3. Parallel Compilation
  4. Analysis & Elaboration Settings
  5. Port Connectivity Checks: "bus_master_mux:bus_master_mux_"
  6. Analysis & Elaboration Messages



----------------
; Legal Notice ;
----------------
Copyright (C) 2017  Intel Corporation. All rights reserved.
Your use of Intel Corporation's design tools, logic functions 
and other software and tools, and its AMPP partner logic 
functions, and any output files from any of the foregoing 
(including device programming or simulation files), and any 
associated documentation or information are expressly subject 
to the terms and conditions of the Intel Program License 
Subscription Agreement, the Intel Quartus Prime License Agreement,
the Intel FPGA IP License Agreement, or other applicable license
agreement, including, without limitation, that your use is for
the sole purpose of programming logic devices manufactured by
Intel and sold by Intel or its authorized distributors.  Please
refer to the applicable agreement for further details.



+--------------------------------------------------------------------------------------+
; Analysis & Elaboration Summary                                                       ;
+------------------------------------+-------------------------------------------------+
; Analysis & Elaboration Status      ; Successful - Sat Aug 15 18:44:32 2020           ;
; Quartus Prime Version              ; 17.1.0 Build 590 10/25/2017 SJ Standard Edition ;
; Revision Name                      ; bus_top                                         ;
; Top-level Entity Name              ; bus_top                                         ;
; Family                             ; Cyclone IV E                                    ;
; Total logic elements               ; N/A until Partition Merge                       ;
;     Total combinational functions  ; N/A until Partition Merge                       ;
;     Dedicated logic registers      ; N/A until Partition Merge                       ;
; Total registers                    ; N/A until Partition Merge                       ;
; Total pins                         ; N/A until Partition Merge                       ;
; Total virtual pins                 ; N/A until Partition Merge                       ;
; Total memory bits                  ; N/A until Partition Merge                       ;
; Embedded Multiplier 9-bit elements ; N/A until Partition Merge                       ;
; Total PLLs                         ; N/A until Partition Merge                       ;
+------------------------------------+-------------------------------------------------+


+------------------------------------------+
; Parallel Compilation                     ;
+----------------------------+-------------+
; Processors                 ; Number      ;
+----------------------------+-------------+
; Number detected on machine ; 6           ;
; Maximum allowed            ; 6           ;
;                            ;             ;
; Average used               ; 1.00        ;
; Maximum used               ; 1           ;
;                            ;             ;
; Usage by Processor         ; % Time Used ;
;     Processor 1            ; 100.0%      ;
+----------------------------+-------------+


+----------------------------------------------------------------------------------------------------------------------+
; Analysis & Elaboration Settings                                                                                      ;
+----------------------------------------------------------------------------+--------------------+--------------------+
; Option                                                                     ; Setting            ; Default Value      ;
+----------------------------------------------------------------------------+--------------------+--------------------+
; Device                                                                     ; EP4CE15F23C8       ;                    ;
; Top-level entity name                                                      ; bus_top            ; bus_top            ;
; Family name                                                                ; Cyclone IV E       ; Cyclone V          ;
; Use smart compilation                                                      ; Off                ; Off                ;
; Enable parallel Assembler and TimeQuest Timing Analyzer during compilation ; On                 ; On                 ;
; Enable compact report table                                                ; Off                ; Off                ;
; Restructure Multiplexers                                                   ; Auto               ; Auto               ;
; Create Debugging Nodes for IP Cores                                        ; Off                ; Off                ;
; Preserve fewer node names                                                  ; On                 ; On                 ;
; Intel FPGA IP Evaluation Mode                                              ; Enable             ; Enable             ;
; Verilog Version                                                            ; Verilog_2001       ; Verilog_2001       ;
; VHDL Version                                                               ; VHDL_1993          ; VHDL_1993          ;
; State Machine Processing                                                   ; Auto               ; Auto               ;
; Safe State Machine                                                         ; Off                ; Off                ;
; Extract Verilog State Machines                                             ; On                 ; On                 ;
; Extract VHDL State Machines                                                ; On                 ; On                 ;
; Ignore Verilog initial constructs                                          ; Off                ; Off                ;
; Iteration limit for constant Verilog loops                                 ; 5000               ; 5000               ;
; Iteration limit for non-constant Verilog loops                             ; 250                ; 250                ;
; Add Pass-Through Logic to Inferred RAMs                                    ; On                 ; On                 ;
; Infer RAMs from Raw Logic                                                  ; On                 ; On                 ;
; Parallel Synthesis                                                         ; On                 ; On                 ;
; DSP Block Balancing                                                        ; Auto               ; Auto               ;
; NOT Gate Push-Back                                                         ; On                 ; On                 ;
; Power-Up Don't Care                                                        ; On                 ; On                 ;
; Remove Redundant Logic Cells                                               ; Off                ; Off                ;
; Remove Duplicate Registers                                                 ; On                 ; On                 ;
; Ignore CARRY Buffers                                                       ; Off                ; Off                ;
; Ignore CASCADE Buffers                                                     ; Off                ; Off                ;
; Ignore GLOBAL Buffers                                                      ; Off                ; Off                ;
; Ignore ROW GLOBAL Buffers                                                  ; Off                ; Off                ;
; Ignore LCELL Buffers                                                       ; Off                ; Off                ;
; Ignore SOFT Buffers                                                        ; On                 ; On                 ;
; Limit AHDL Integers to 32 Bits                                             ; Off                ; Off                ;
; Optimization Technique                                                     ; Balanced           ; Balanced           ;
; Carry Chain Length                                                         ; 70                 ; 70                 ;
; Auto Carry Chains                                                          ; On                 ; On                 ;
; Auto Open-Drain Pins                                                       ; On                 ; On                 ;
; Perform WYSIWYG Primitive Resynthesis                                      ; Off                ; Off                ;
; Auto ROM Replacement                                                       ; On                 ; On                 ;
; Auto RAM Replacement                                                       ; On                 ; On                 ;
; Auto DSP Block Replacement                                                 ; On                 ; On                 ;
; Auto Shift Register Replacement                                            ; Auto               ; Auto               ;
; Allow Shift Register Merging across Hierarchies                            ; Auto               ; Auto               ;
; Auto Clock Enable Replacement                                              ; On                 ; On                 ;
; Strict RAM Replacement                                                     ; Off                ; Off                ;
; Allow Synchronous Control Signals                                          ; On                 ; On                 ;
; Force Use of Synchronous Clear Signals                                     ; Off                ; Off                ;
; Auto RAM Block Balancing                                                   ; On                 ; On                 ;
; Auto RAM to Logic Cell Conversion                                          ; Off                ; Off                ;
; Auto Resource Sharing                                                      ; Off                ; Off                ;
; Allow Any RAM Size For Recognition                                         ; Off                ; Off                ;
; Allow Any ROM Size For Recognition                                         ; Off                ; Off                ;
; Allow Any Shift Register Size For Recognition                              ; Off                ; Off                ;
; Use LogicLock Constraints during Resource Balancing                        ; On                 ; On                 ;
; Ignore translate_off and synthesis_off directives                          ; Off                ; Off                ;
; Timing-Driven Synthesis                                                    ; On                 ; On                 ;
; Report Parameter Settings                                                  ; On                 ; On                 ;
; Report Source Assignments                                                  ; On                 ; On                 ;
; Report Connectivity Checks                                                 ; On                 ; On                 ;
; Ignore Maximum Fan-Out Assignments                                         ; Off                ; Off                ;
; Synchronization Register Chain Length                                      ; 2                  ; 2                  ;
; Power Optimization During Synthesis                                        ; Normal compilation ; Normal compilation ;
; HDL message level                                                          ; Level2             ; Level2             ;
; Suppress Register Optimization Related Messages                            ; Off                ; Off                ;
; Number of Removed Registers Reported in Synthesis Report                   ; 5000               ; 5000               ;
; Number of Swept Nodes Reported in Synthesis Report                         ; 5000               ; 5000               ;
; Number of Inverted Registers Reported in Synthesis Report                  ; 100                ; 100                ;
; Clock MUX Protection                                                       ; On                 ; On                 ;
; Auto Gated Clock Conversion                                                ; Off                ; Off                ;
; Block Design Naming                                                        ; Auto               ; Auto               ;
; SDC constraint protection                                                  ; Off                ; Off                ;
; Synthesis Effort                                                           ; Auto               ; Auto               ;
; Shift Register Replacement - Allow Asynchronous Clear Signal               ; On                 ; On                 ;
; Pre-Mapping Resynthesis Optimization                                       ; Off                ; Off                ;
; Analysis & Synthesis Message Level                                         ; Medium             ; Medium             ;
; Disable Register Merging Across Hierarchies                                ; Auto               ; Auto               ;
; Resource Aware Inference For Block RAM                                     ; On                 ; On                 ;
+----------------------------------------------------------------------------+--------------------+--------------------+


+------------------------------------------------------------------------------------------------------------------------------------------------------------------------------------------------------------------+
; Port Connectivity Checks: "bus_master_mux:bus_master_mux_"                                                                                                                                                       ;
+---------+--------+----------+------------------------------------------------------------------------------------------------------------------------------------------------------------------------------------+
; Port    ; Type   ; Severity ; Details                                                                                                                                                                            ;
+---------+--------+----------+------------------------------------------------------------------------------------------------------------------------------------------------------------------------------------+
; m0_addr ; Input  ; Warning  ; Input port expression (32 bits) is wider than the input port (30 bits) it drives.  The 2 most-significant bit(s) in the expression will be dangling if they have no other fanouts. ;
; m1_addr ; Input  ; Warning  ; Input port expression (32 bits) is wider than the input port (30 bits) it drives.  The 2 most-significant bit(s) in the expression will be dangling if they have no other fanouts. ;
; m2_addr ; Input  ; Warning  ; Input port expression (32 bits) is wider than the input port (30 bits) it drives.  The 2 most-significant bit(s) in the expression will be dangling if they have no other fanouts. ;
; m3_addr ; Input  ; Warning  ; Input port expression (32 bits) is wider than the input port (30 bits) it drives.  The 2 most-significant bit(s) in the expression will be dangling if they have no other fanouts. ;
; s_addr  ; Output ; Warning  ; Output or bidir port (30 bits) is smaller than the port expression (32 bits) it drives.  The 2 most-significant bit(s) in the port expression will be connected to GND.            ;
+---------+--------+----------+------------------------------------------------------------------------------------------------------------------------------------------------------------------------------------+


+---------------------------------+
; Analysis & Elaboration Messages ;
+---------------------------------+
Info: *******************************************************************
Info: Running Quartus Prime Analysis & Elaboration
    Info: Version 17.1.0 Build 590 10/25/2017 SJ Standard Edition
    Info: Processing started: Sat Aug 15 18:44:24 2020
Info: Command: quartus_map --read_settings_files=on --write_settings_files=off bus_top -c bus_top --analysis_and_elaboration
Warning (18236): Number of processors has not been specified which may cause overloading on shared machines.  Set the global assignment NUM_PARALLEL_PROCESSORS in your QSF to an appropriate value for best performance.
Info (20030): Parallel compilation is enabled and will use 6 of the 6 processors detected
Info (12021): Found 1 design units, including 1 entities, in source file /fpga/code/xsoc/chip_top/chip/bus/bus_slave_mux/bus_slave_mux.v
    Info (12023): Found entity 1: bus_slave_mux File: E:/FPGA/code/xSoc/chip_top/chip/bus/bus_slave_mux/bus_slave_mux.v Line: 5
Warning (10274): Verilog HDL macro warning at bus_master_mux.h(6): overriding existing definition for macro "WORD_DATA_W", which was defined in "../bus_slave_mux/bus_slave_mux.h", line 1 File: E:/FPGA/code/xSoc/chip_top/chip/bus/bus_master_mux/bus_master_mux.h Line: 6
Info (12021): Found 1 design units, including 1 entities, in source file /fpga/code/xsoc/chip_top/chip/bus/bus_master_mux/bus_master_mux.v
    Info (12023): Found entity 1: bus_master_mux File: E:/FPGA/code/xSoc/chip_top/chip/bus/bus_master_mux/bus_master_mux.v Line: 4
Info (12021): Found 1 design units, including 1 entities, in source file /fpga/code/xsoc/chip_top/chip/bus/bus_arbiter/bus_arbiter.v
    Info (12023): Found entity 1: bus_arbiter File: E:/FPGA/code/xSoc/chip_top/chip/bus/bus_arbiter/bus_arbiter.v Line: 4
Info (12021): Found 1 design units, including 1 entities, in source file /fpga/code/xsoc/chip_top/chip/bus/bus_addr_dec/bus_addr_dec.v
    Info (12023): Found entity 1: bus_addr_dec File: E:/FPGA/code/xSoc/chip_top/chip/bus/bus_addr_dec/bus_addr_dec.v Line: 5
Warning (10238): Verilog Module Declaration warning at bus_top.v(64): ignored anonymous port(s) indicated by duplicate or dangling comma(s) in the port list for module "bus_top" File: E:/FPGA/code/xSoc/chip_top/chip/bus/top/bus_top.v Line: 64
Info (12021): Found 1 design units, including 1 entities, in source file bus_top.v
    Info (12023): Found entity 1: bus_top File: E:/FPGA/code/xSoc/chip_top/chip/bus/top/bus_top.v Line: 1
Info (12127): Elaborating entity "bus_top" for the top level hierarchy
Info (12128): Elaborating entity "bus_arbiter" for hierarchy "bus_arbiter:bus_arbiter_" File: E:/FPGA/code/xSoc/chip_top/chip/bus/top/bus_top.v Line: 166
Info (12128): Elaborating entity "bus_master_mux" for hierarchy "bus_master_mux:bus_master_mux_" File: E:/FPGA/code/xSoc/chip_top/chip/bus/top/bus_top.v Line: 203
Info (12128): Elaborating entity "bus_slave_mux" for hierarchy "bus_slave_mux:bus_slave_mux_" File: E:/FPGA/code/xSoc/chip_top/chip/bus/top/bus_top.v Line: 251
Info (12128): Elaborating entity "bus_addr_dec" for hierarchy "bus_addr_dec:bus_addr_dec_" File: E:/FPGA/code/xSoc/chip_top/chip/bus/top/bus_top.v Line: 282
Warning (12011): Net is missing source, defaulting to GND
    Warning (12110): Net "wires_m_addr[31]" is missing source, defaulting to GND File: E:/FPGA/code/xSoc/chip_top/chip/bus/top/bus_top.v Line: 76
    Warning (12110): Net "wires_m_addr[30]" is missing source, defaulting to GND File: E:/FPGA/code/xSoc/chip_top/chip/bus/top/bus_top.v Line: 76
Warning (12011): Net is missing source, defaulting to GND
    Warning (12110): Net "wires_m_addr[31]" is missing source, defaulting to GND File: E:/FPGA/code/xSoc/chip_top/chip/bus/top/bus_top.v Line: 76
    Warning (12110): Net "wires_m_addr[30]" is missing source, defaulting to GND File: E:/FPGA/code/xSoc/chip_top/chip/bus/top/bus_top.v Line: 76
Warning (12241): 1 hierarchies have connectivity warnings - see the Connectivity Checks report folder
Info: Quartus Prime Analysis & Elaboration was successful. 0 errors, 10 warnings
    Info: Peak virtual memory: 4716 megabytes
    Info: Processing ended: Sat Aug 15 18:44:32 2020
    Info: Elapsed time: 00:00:08
    Info: Total CPU time (on all processors): 00:00:17


